This is pdfTeX, Version 3.14159265-2.6-1.40.19 (TeX Live 2018) (preloaded format=pdflatex 2018.5.13)  6 FEB 2019 10:44
entering extended mode
 restricted \write18 enabled.
 %&-line parsing enabled.
**presentation_3.tex
(./presentation_3.tex
LaTeX2e <2018-04-01> patch level 2
Babel <3.18> and hyphenation patterns for 84 language(s) loaded.
(/usr/local/texlive/2018/texmf-dist/tex/latex/beamer/beamer.cls
Document Class: beamer 2018/02/20 v3.50 A class for typesetting presentations
(/usr/local/texlive/2018/texmf-dist/tex/latex/beamer/beamerbasemodes.sty (/usr/
local/texlive/2018/texmf-dist/tex/latex/etoolbox/etoolbox.sty
Package: etoolbox 2018/02/11 v2.5e e-TeX tools for LaTeX (JAW)
\etb@tempcnta=\count80
)
\beamer@tempbox=\box26
\beamer@tempcount=\count81
\c@beamerpauses=\count82
(/usr/local/texlive/2018/texmf-dist/tex/latex/beamer/beamerbasedecode.sty
\beamer@slideinframe=\count83
\beamer@minimum=\count84
)
\beamer@commentbox=\box27
\beamer@modecount=\count85
) (/usr/local/texlive/2018/texmf-dist/tex/generic/oberdiek/ifpdf.sty
Package: ifpdf 2017/03/15 v3.2 Provides the ifpdf switch
)
\headdp=\dimen102
\footheight=\dimen103
\sidebarheight=\dimen104
\beamer@tempdim=\dimen105
\beamer@finalheight=\dimen106
\beamer@animht=\dimen107
\beamer@animdp=\dimen108
\beamer@animwd=\dimen109
\beamer@leftmargin=\dimen110
\beamer@rightmargin=\dimen111
\beamer@leftsidebar=\dimen112
\beamer@rightsidebar=\dimen113
\beamer@boxsize=\dimen114
\beamer@vboxoffset=\dimen115
\beamer@descdefault=\dimen116
\beamer@descriptionwidth=\dimen117
\beamer@lastskip=\skip41
\beamer@areabox=\box28
\beamer@animcurrent=\box29
\beamer@animshowbox=\box30
\beamer@sectionbox=\box31
\beamer@logobox=\box32
\beamer@linebox=\box33
\beamer@sectioncount=\count86
\beamer@subsubsectionmax=\count87
\beamer@subsectionmax=\count88
\beamer@sectionmax=\count89
\beamer@totalheads=\count90
\beamer@headcounter=\count91
\beamer@partstartpage=\count92
\beamer@sectionstartpage=\count93
\beamer@subsectionstartpage=\count94
\beamer@animationtempa=\count95
\beamer@animationtempb=\count96
\beamer@xpos=\count97
\beamer@ypos=\count98
\beamer@ypos@offset=\count99
\beamer@showpartnumber=\count100
\beamer@currentsubsection=\count101
\beamer@coveringdepth=\count102
\beamer@sectionadjust=\count103
\beamer@tocsectionnumber=\count104
(/usr/local/texlive/2018/texmf-dist/tex/latex/beamer/beamerbaseoptions.sty (/us
r/local/texlive/2018/texmf-dist/tex/latex/graphics/keyval.sty
Package: keyval 2014/10/28 v1.15 key=value parser (DPC)
\KV@toks@=\toks14
))
\beamer@paperwidth=\skip42
\beamer@paperheight=\skip43
(/usr/local/texlive/2018/texmf-dist/tex/latex/geometry/geometry.sty
Package: geometry 2018/03/24 v5.7 Page Geometry
(/usr/local/texlive/2018/texmf-dist/tex/generic/oberdiek/ifvtex.sty
Package: ifvtex 2016/05/16 v1.6 Detect VTeX and its facilities (HO)
Package ifvtex Info: VTeX not detected.
) (/usr/local/texlive/2018/texmf-dist/tex/generic/ifxetex/ifxetex.sty
Package: ifxetex 2010/09/12 v0.6 Provides ifxetex conditional
)
\Gm@cnth=\count105
\Gm@cntv=\count106
\c@Gm@tempcnt=\count107
\Gm@bindingoffset=\dimen118
\Gm@wd@mp=\dimen119
\Gm@odd@mp=\dimen120
\Gm@even@mp=\dimen121
\Gm@layoutwidth=\dimen122
\Gm@layoutheight=\dimen123
\Gm@layouthoffset=\dimen124
\Gm@layoutvoffset=\dimen125
\Gm@dimlist=\toks15
) (/usr/local/texlive/2018/texmf-dist/tex/latex/base/size11.clo
File: size11.clo 2014/09/29 v1.4h Standard LaTeX file (size option)
) (/usr/local/texlive/2018/texmf-dist/tex/latex/pgf/basiclayer/pgfcore.sty (/us
r/local/texlive/2018/texmf-dist/tex/latex/graphics/graphicx.sty
Package: graphicx 2017/06/01 v1.1a Enhanced LaTeX Graphics (DPC,SPQR)
(/usr/local/texlive/2018/texmf-dist/tex/latex/graphics/graphics.sty
Package: graphics 2017/06/25 v1.2c Standard LaTeX Graphics (DPC,SPQR)
(/usr/local/texlive/2018/texmf-dist/tex/latex/graphics/trig.sty
Package: trig 2016/01/03 v1.10 sin cos tan (DPC)
) (/usr/local/texlive/2018/texmf-dist/tex/latex/graphics-cfg/graphics.cfg
File: graphics.cfg 2016/06/04 v1.11 sample graphics configuration
)
Package graphics Info: Driver file: pdftex.def on input line 99.
(/usr/local/texlive/2018/texmf-dist/tex/latex/graphics-def/pdftex.def
File: pdftex.def 2018/01/08 v1.0l Graphics/color driver for pdftex
))
\Gin@req@height=\dimen126
\Gin@req@width=\dimen127
) (/usr/local/texlive/2018/texmf-dist/tex/latex/pgf/systemlayer/pgfsys.sty (/us
r/local/texlive/2018/texmf-dist/tex/latex/pgf/utilities/pgfrcs.sty
(/usr/local/texlive/2018/texmf-dist/tex/generic/pgf/utilities/pgfutil-common.te
x
\pgfutil@everybye=\toks16
\pgfutil@tempdima=\dimen128
\pgfutil@tempdimb=\dimen129

(/usr/local/texlive/2018/texmf-dist/tex/generic/pgf/utilities/pgfutil-common-li
sts.tex))
(/usr/local/texlive/2018/texmf-dist/tex/generic/pgf/utilities/pgfutil-latex.def
\pgfutil@abb=\box34
(/usr/local/texlive/2018/texmf-dist/tex/latex/ms/everyshi.sty
Package: everyshi 2001/05/15 v3.00 EveryShipout Package (MS)
)) (/usr/local/texlive/2018/texmf-dist/tex/generic/pgf/utilities/pgfrcs.code.te
x
Package: pgfrcs 2015/08/07 v3.0.1a (rcs-revision 1.31)
))
(/usr/local/texlive/2018/texmf-dist/tex/generic/pgf/systemlayer/pgfsys.code.tex
Package: pgfsys 2014/07/09 v3.0.1a (rcs-revision 1.48)
(/usr/local/texlive/2018/texmf-dist/tex/generic/pgf/utilities/pgfkeys.code.tex
\pgfkeys@pathtoks=\toks17
\pgfkeys@temptoks=\toks18

(/usr/local/texlive/2018/texmf-dist/tex/generic/pgf/utilities/pgfkeysfiltered.c
ode.tex
\pgfkeys@tmptoks=\toks19
))
\pgf@x=\dimen130
\pgf@y=\dimen131
\pgf@xa=\dimen132
\pgf@ya=\dimen133
\pgf@xb=\dimen134
\pgf@yb=\dimen135
\pgf@xc=\dimen136
\pgf@yc=\dimen137
\w@pgf@writea=\write3
\r@pgf@reada=\read1
\c@pgf@counta=\count108
\c@pgf@countb=\count109
\c@pgf@countc=\count110
\c@pgf@countd=\count111
\t@pgf@toka=\toks20
\t@pgf@tokb=\toks21
\t@pgf@tokc=\toks22
(/usr/local/texlive/2018/texmf-dist/tex/generic/pgf/systemlayer/pgf.cfg
File: pgf.cfg 2008/05/14  (rcs-revision 1.7)
)
Driver file for pgf: pgfsys-pdftex.def

(/usr/local/texlive/2018/texmf-dist/tex/generic/pgf/systemlayer/pgfsys-pdftex.d
ef
File: pgfsys-pdftex.def 2014/10/11  (rcs-revision 1.35)

(/usr/local/texlive/2018/texmf-dist/tex/generic/pgf/systemlayer/pgfsys-common-p
df.def
File: pgfsys-common-pdf.def 2013/10/10  (rcs-revision 1.13)
)))
(/usr/local/texlive/2018/texmf-dist/tex/generic/pgf/systemlayer/pgfsyssoftpath.
code.tex
File: pgfsyssoftpath.code.tex 2013/09/09  (rcs-revision 1.9)
\pgfsyssoftpath@smallbuffer@items=\count112
\pgfsyssoftpath@bigbuffer@items=\count113
)
(/usr/local/texlive/2018/texmf-dist/tex/generic/pgf/systemlayer/pgfsysprotocol.
code.tex
File: pgfsysprotocol.code.tex 2006/10/16  (rcs-revision 1.4)
)) (/usr/local/texlive/2018/texmf-dist/tex/latex/xcolor/xcolor.sty
Package: xcolor 2016/05/11 v2.12 LaTeX color extensions (UK)
(/usr/local/texlive/2018/texmf-dist/tex/latex/graphics-cfg/color.cfg
File: color.cfg 2016/01/02 v1.6 sample color configuration
)
Package xcolor Info: Driver file: pdftex.def on input line 225.
Package xcolor Info: Model `cmy' substituted by `cmy0' on input line 1348.
Package xcolor Info: Model `hsb' substituted by `rgb' on input line 1352.
Package xcolor Info: Model `RGB' extended on input line 1364.
Package xcolor Info: Model `HTML' substituted by `rgb' on input line 1366.
Package xcolor Info: Model `Hsb' substituted by `hsb' on input line 1367.
Package xcolor Info: Model `tHsb' substituted by `hsb' on input line 1368.
Package xcolor Info: Model `HSB' substituted by `hsb' on input line 1369.
Package xcolor Info: Model `Gray' substituted by `gray' on input line 1370.
Package xcolor Info: Model `wave' substituted by `hsb' on input line 1371.
)
(/usr/local/texlive/2018/texmf-dist/tex/generic/pgf/basiclayer/pgfcore.code.tex
Package: pgfcore 2010/04/11 v3.0.1a (rcs-revision 1.7)
(/usr/local/texlive/2018/texmf-dist/tex/generic/pgf/math/pgfmath.code.tex (/usr
/local/texlive/2018/texmf-dist/tex/generic/pgf/math/pgfmathcalc.code.tex (/usr/
local/texlive/2018/texmf-dist/tex/generic/pgf/math/pgfmathutil.code.tex)
(/usr/local/texlive/2018/texmf-dist/tex/generic/pgf/math/pgfmathparser.code.tex
\pgfmath@dimen=\dimen138
\pgfmath@count=\count114
\pgfmath@box=\box35
\pgfmath@toks=\toks23
\pgfmath@stack@operand=\toks24
\pgfmath@stack@operation=\toks25
)
(/usr/local/texlive/2018/texmf-dist/tex/generic/pgf/math/pgfmathfunctions.code.
tex
(/usr/local/texlive/2018/texmf-dist/tex/generic/pgf/math/pgfmathfunctions.basic
.code.tex)
(/usr/local/texlive/2018/texmf-dist/tex/generic/pgf/math/pgfmathfunctions.trigo
nometric.code.tex)
(/usr/local/texlive/2018/texmf-dist/tex/generic/pgf/math/pgfmathfunctions.rando
m.code.tex)
(/usr/local/texlive/2018/texmf-dist/tex/generic/pgf/math/pgfmathfunctions.compa
rison.code.tex)
(/usr/local/texlive/2018/texmf-dist/tex/generic/pgf/math/pgfmathfunctions.base.
code.tex)
(/usr/local/texlive/2018/texmf-dist/tex/generic/pgf/math/pgfmathfunctions.round
.code.tex)
(/usr/local/texlive/2018/texmf-dist/tex/generic/pgf/math/pgfmathfunctions.misc.
code.tex)
(/usr/local/texlive/2018/texmf-dist/tex/generic/pgf/math/pgfmathfunctions.integ
erarithmetics.code.tex))) (/usr/local/texlive/2018/texmf-dist/tex/generic/pgf/m
ath/pgfmathfloat.code.tex
\c@pgfmathroundto@lastzeros=\count115
))
(/usr/local/texlive/2018/texmf-dist/tex/generic/pgf/basiclayer/pgfcorepoints.co
de.tex
File: pgfcorepoints.code.tex 2013/10/07  (rcs-revision 1.27)
\pgf@picminx=\dimen139
\pgf@picmaxx=\dimen140
\pgf@picminy=\dimen141
\pgf@picmaxy=\dimen142
\pgf@pathminx=\dimen143
\pgf@pathmaxx=\dimen144
\pgf@pathminy=\dimen145
\pgf@pathmaxy=\dimen146
\pgf@xx=\dimen147
\pgf@xy=\dimen148
\pgf@yx=\dimen149
\pgf@yy=\dimen150
\pgf@zx=\dimen151
\pgf@zy=\dimen152
)
(/usr/local/texlive/2018/texmf-dist/tex/generic/pgf/basiclayer/pgfcorepathconst
ruct.code.tex
File: pgfcorepathconstruct.code.tex 2013/10/07  (rcs-revision 1.29)
\pgf@path@lastx=\dimen153
\pgf@path@lasty=\dimen154
)
(/usr/local/texlive/2018/texmf-dist/tex/generic/pgf/basiclayer/pgfcorepathusage
.code.tex
File: pgfcorepathusage.code.tex 2014/11/02  (rcs-revision 1.24)
\pgf@shorten@end@additional=\dimen155
\pgf@shorten@start@additional=\dimen156
)
(/usr/local/texlive/2018/texmf-dist/tex/generic/pgf/basiclayer/pgfcorescopes.co
de.tex
File: pgfcorescopes.code.tex 2015/05/08  (rcs-revision 1.46)
\pgfpic=\box36
\pgf@hbox=\box37
\pgf@layerbox@main=\box38
\pgf@picture@serial@count=\count116
)
(/usr/local/texlive/2018/texmf-dist/tex/generic/pgf/basiclayer/pgfcoregraphicst
ate.code.tex
File: pgfcoregraphicstate.code.tex 2014/11/02  (rcs-revision 1.12)
\pgflinewidth=\dimen157
)
(/usr/local/texlive/2018/texmf-dist/tex/generic/pgf/basiclayer/pgfcoretransform
ations.code.tex
File: pgfcoretransformations.code.tex 2015/08/07  (rcs-revision 1.20)
\pgf@pt@x=\dimen158
\pgf@pt@y=\dimen159
\pgf@pt@temp=\dimen160
)
(/usr/local/texlive/2018/texmf-dist/tex/generic/pgf/basiclayer/pgfcorequick.cod
e.tex
File: pgfcorequick.code.tex 2008/10/09  (rcs-revision 1.3)
)
(/usr/local/texlive/2018/texmf-dist/tex/generic/pgf/basiclayer/pgfcoreobjects.c
ode.tex
File: pgfcoreobjects.code.tex 2006/10/11  (rcs-revision 1.2)
)
(/usr/local/texlive/2018/texmf-dist/tex/generic/pgf/basiclayer/pgfcorepathproce
ssing.code.tex
File: pgfcorepathprocessing.code.tex 2013/09/09  (rcs-revision 1.9)
)
(/usr/local/texlive/2018/texmf-dist/tex/generic/pgf/basiclayer/pgfcorearrows.co
de.tex
File: pgfcorearrows.code.tex 2015/05/14  (rcs-revision 1.43)
\pgfarrowsep=\dimen161
)
(/usr/local/texlive/2018/texmf-dist/tex/generic/pgf/basiclayer/pgfcoreshade.cod
e.tex
File: pgfcoreshade.code.tex 2013/07/15  (rcs-revision 1.15)
\pgf@max=\dimen162
\pgf@sys@shading@range@num=\count117
)
(/usr/local/texlive/2018/texmf-dist/tex/generic/pgf/basiclayer/pgfcoreimage.cod
e.tex
File: pgfcoreimage.code.tex 2013/07/15  (rcs-revision 1.18)

(/usr/local/texlive/2018/texmf-dist/tex/generic/pgf/basiclayer/pgfcoreexternal.
code.tex
File: pgfcoreexternal.code.tex 2014/07/09  (rcs-revision 1.21)
\pgfexternal@startupbox=\box39
))
(/usr/local/texlive/2018/texmf-dist/tex/generic/pgf/basiclayer/pgfcorelayers.co
de.tex
File: pgfcorelayers.code.tex 2013/07/18  (rcs-revision 1.7)
)
(/usr/local/texlive/2018/texmf-dist/tex/generic/pgf/basiclayer/pgfcoretranspare
ncy.code.tex
File: pgfcoretransparency.code.tex 2013/09/30  (rcs-revision 1.5)
)
(/usr/local/texlive/2018/texmf-dist/tex/generic/pgf/basiclayer/pgfcorepatterns.
code.tex
File: pgfcorepatterns.code.tex 2013/11/07  (rcs-revision 1.5)
))) (/usr/local/texlive/2018/texmf-dist/tex/latex/pgf/utilities/xxcolor.sty
Package: xxcolor 2003/10/24 ver 0.1
\XC@nummixins=\count118
\XC@countmixins=\count119
) (/usr/local/texlive/2018/texmf-dist/tex/generic/oberdiek/atbegshi.sty
Package: atbegshi 2016/06/09 v1.18 At begin shipout hook (HO)
(/usr/local/texlive/2018/texmf-dist/tex/generic/oberdiek/infwarerr.sty
Package: infwarerr 2016/05/16 v1.4 Providing info/warning/error messages (HO)
) (/usr/local/texlive/2018/texmf-dist/tex/generic/oberdiek/ltxcmds.sty
Package: ltxcmds 2016/05/16 v1.23 LaTeX kernel commands for general use (HO)
)) (/usr/local/texlive/2018/texmf-dist/tex/latex/hyperref/hyperref.sty
Package: hyperref 2018/02/06 v6.86b Hypertext links for LaTeX
(/usr/local/texlive/2018/texmf-dist/tex/generic/oberdiek/hobsub-hyperref.sty
Package: hobsub-hyperref 2016/05/16 v1.14 Bundle oberdiek, subset hyperref (HO)

(/usr/local/texlive/2018/texmf-dist/tex/generic/oberdiek/hobsub-generic.sty
Package: hobsub-generic 2016/05/16 v1.14 Bundle oberdiek, subset generic (HO)
Package: hobsub 2016/05/16 v1.14 Construct package bundles (HO)
Package hobsub Info: Skipping package `infwarerr' (already loaded).
Package hobsub Info: Skipping package `ltxcmds' (already loaded).
Package: ifluatex 2016/05/16 v1.4 Provides the ifluatex switch (HO)
Package ifluatex Info: LuaTeX not detected.
Package hobsub Info: Skipping package `ifvtex' (already loaded).
Package: intcalc 2016/05/16 v1.2 Expandable calculations with integers (HO)
Package hobsub Info: Skipping package `ifpdf' (already loaded).
Package: etexcmds 2016/05/16 v1.6 Avoid name clashes with e-TeX commands (HO)
Package etexcmds Info: Could not find \expanded.
(etexcmds)             That can mean that you are not using pdfTeX 1.50 or
(etexcmds)             that some package has redefined \expanded.
(etexcmds)             In the latter case, load this package earlier.
Package: kvsetkeys 2016/05/16 v1.17 Key value parser (HO)
Package: kvdefinekeys 2016/05/16 v1.4 Define keys (HO)
Package: pdftexcmds 2018/01/30 v0.27 Utility functions of pdfTeX for LuaTeX (HO
)
Package pdftexcmds Info: LuaTeX not detected.
Package pdftexcmds Info: \pdf@primitive is available.
Package pdftexcmds Info: \pdf@ifprimitive is available.
Package pdftexcmds Info: \pdfdraftmode found.
Package: pdfescape 2016/05/16 v1.14 Implements pdfTeX's escape features (HO)
Package: bigintcalc 2016/05/16 v1.4 Expandable calculations on big integers (HO
)
Package: bitset 2016/05/16 v1.2 Handle bit-vector datatype (HO)
Package: uniquecounter 2016/05/16 v1.3 Provide unlimited unique counter (HO)
)
Package hobsub Info: Skipping package `hobsub' (already loaded).
Package: letltxmacro 2016/05/16 v1.5 Let assignment for LaTeX macros (HO)
Package: hopatch 2016/05/16 v1.3 Wrapper for package hooks (HO)
Package: xcolor-patch 2016/05/16 xcolor patch
Package: atveryend 2016/05/16 v1.9 Hooks at the very end of document (HO)
Package hobsub Info: Skipping package `atbegshi' (already loaded).
Package: refcount 2016/05/16 v3.5 Data extraction from label references (HO)
Package: hycolor 2016/05/16 v1.8 Color options for hyperref/bookmark (HO)
) (/usr/local/texlive/2018/texmf-dist/tex/latex/oberdiek/auxhook.sty
Package: auxhook 2016/05/16 v1.4 Hooks for auxiliary files (HO)
) (/usr/local/texlive/2018/texmf-dist/tex/latex/oberdiek/kvoptions.sty
Package: kvoptions 2016/05/16 v3.12 Key value format for package options (HO)
)
\@linkdim=\dimen163
\Hy@linkcounter=\count120
\Hy@pagecounter=\count121
(/usr/local/texlive/2018/texmf-dist/tex/latex/hyperref/pd1enc.def
File: pd1enc.def 2018/02/06 v6.86b Hyperref: PDFDocEncoding definition (HO)
Now handling font encoding PD1 ...
... no UTF-8 mapping file for font encoding PD1
)
\Hy@SavedSpaceFactor=\count122
(/usr/local/texlive/2018/texmf-dist/tex/latex/latexconfig/hyperref.cfg
File: hyperref.cfg 2002/06/06 v1.2 hyperref configuration of TeXLive
)
Package hyperref Info: Option `bookmarks' set `true' on input line 4383.
Package hyperref Info: Option `bookmarksopen' set `true' on input line 4383.
Package hyperref Info: Option `implicit' set `false' on input line 4383.
Package hyperref Info: Hyper figures OFF on input line 4509.
Package hyperref Info: Link nesting OFF on input line 4514.
Package hyperref Info: Hyper index ON on input line 4517.
Package hyperref Info: Plain pages OFF on input line 4524.
Package hyperref Info: Backreferencing OFF on input line 4529.
Package hyperref Info: Implicit mode OFF; no redefinition of LaTeX internals.
Package hyperref Info: Bookmarks ON on input line 4762.
\c@Hy@tempcnt=\count123
(/usr/local/texlive/2018/texmf-dist/tex/latex/url/url.sty
\Urlmuskip=\muskip10
Package: url 2013/09/16  ver 3.4  Verb mode for urls, etc.
)
LaTeX Info: Redefining \url on input line 5115.
\XeTeXLinkMargin=\dimen164
\Fld@menulength=\count124
\Field@Width=\dimen165
\Fld@charsize=\dimen166
Package hyperref Info: Hyper figures OFF on input line 6369.
Package hyperref Info: Link nesting OFF on input line 6374.
Package hyperref Info: Hyper index ON on input line 6377.
Package hyperref Info: backreferencing OFF on input line 6384.
Package hyperref Info: Link coloring OFF on input line 6389.
Package hyperref Info: Link coloring with OCG OFF on input line 6394.
Package hyperref Info: PDF/A mode OFF on input line 6399.
LaTeX Info: Redefining \ref on input line 6439.
LaTeX Info: Redefining \pageref on input line 6443.
\Hy@abspage=\count125

Package hyperref Message: Stopped early.

)
Package hyperref Info: Driver (autodetected): hpdftex.
(/usr/local/texlive/2018/texmf-dist/tex/latex/hyperref/hpdftex.def
File: hpdftex.def 2018/02/06 v6.86b Hyperref driver for pdfTeX
\Fld@listcount=\count126
\c@bookmark@seq@number=\count127
(/usr/local/texlive/2018/texmf-dist/tex/latex/oberdiek/rerunfilecheck.sty
Package: rerunfilecheck 2016/05/16 v1.8 Rerun checks for auxiliary files (HO)
Package uniquecounter Info: New unique counter `rerunfilecheck' on input line 2
82.
)) (/usr/local/texlive/2018/texmf-dist/tex/latex/beamer/beamerbaserequires.sty
(/usr/local/texlive/2018/texmf-dist/tex/latex/beamer/beamerbasecompatibility.st
y) (/usr/local/texlive/2018/texmf-dist/tex/latex/beamer/beamerbasefont.sty (/us
r/local/texlive/2018/texmf-dist/tex/latex/amsfonts/amssymb.sty
Package: amssymb 2013/01/14 v3.01 AMS font symbols
(/usr/local/texlive/2018/texmf-dist/tex/latex/amsfonts/amsfonts.sty
Package: amsfonts 2013/01/14 v3.01 Basic AMSFonts support
\@emptytoks=\toks26
\symAMSa=\mathgroup4
\symAMSb=\mathgroup5
LaTeX Font Info:    Overwriting math alphabet `\mathfrak' in version `bold'
(Font)                  U/euf/m/n --> U/euf/b/n on input line 106.
))
(/usr/local/texlive/2018/texmf-dist/tex/latex/sansmathaccent/sansmathaccent.sty
Package: sansmathaccent 2013/03/28
(/usr/local/texlive/2018/texmf-dist/tex/latex/filehook/filehook.sty
Package: filehook 2011/10/12 v0.5d Hooks for input files
))) (/usr/local/texlive/2018/texmf-dist/tex/latex/beamer/beamerbasetranslator.s
ty (/usr/local/texlive/2018/texmf-dist/tex/latex/translator/translator.sty
Package: translator 2018/01/04 v1.12 Easy translation of strings in LaTeX
)) (/usr/local/texlive/2018/texmf-dist/tex/latex/beamer/beamerbasemisc.sty) (/u
sr/local/texlive/2018/texmf-dist/tex/latex/beamer/beamerbasetwoscreens.sty) (/u
sr/local/texlive/2018/texmf-dist/tex/latex/beamer/beamerbaseoverlay.sty
\beamer@argscount=\count128
\beamer@lastskipcover=\skip44
\beamer@trivlistdepth=\count129
) (/usr/local/texlive/2018/texmf-dist/tex/latex/beamer/beamerbasetitle.sty) (/u
sr/local/texlive/2018/texmf-dist/tex/latex/beamer/beamerbasesection.sty
\c@lecture=\count130
\c@part=\count131
\c@section=\count132
\c@subsection=\count133
\c@subsubsection=\count134
) (/usr/local/texlive/2018/texmf-dist/tex/latex/beamer/beamerbaseframe.sty
\beamer@framebox=\box40
\beamer@frametitlebox=\box41
\beamer@zoombox=\box42
\beamer@zoomcount=\count135
\beamer@zoomframecount=\count136
\beamer@frametextheight=\dimen167
\c@subsectionslide=\count137
\beamer@frametopskip=\skip45
\beamer@framebottomskip=\skip46
\beamer@frametopskipautobreak=\skip47
\beamer@framebottomskipautobreak=\skip48
\beamer@envbody=\toks27
\framewidth=\dimen168
\c@framenumber=\count138
) (/usr/local/texlive/2018/texmf-dist/tex/latex/beamer/beamerbaseverbatim.sty
\beamer@verbatimfileout=\write4
) (/usr/local/texlive/2018/texmf-dist/tex/latex/beamer/beamerbaseframesize.sty
\beamer@splitbox=\box43
\beamer@autobreakcount=\count139
\beamer@autobreaklastheight=\dimen169
\beamer@frametitletoks=\toks28
\beamer@framesubtitletoks=\toks29
)
(/usr/local/texlive/2018/texmf-dist/tex/latex/beamer/beamerbaseframecomponents.
sty
\beamer@footins=\box44
) (/usr/local/texlive/2018/texmf-dist/tex/latex/beamer/beamerbasecolor.sty
\beamer@bg@ht=\dimen170
\beamer@bg@wd=\dimen171
\beamer@bg@dp=\dimen172
) (/usr/local/texlive/2018/texmf-dist/tex/latex/beamer/beamerbasenotes.sty
\beamer@frameboxcopy=\box45
) (/usr/local/texlive/2018/texmf-dist/tex/latex/beamer/beamerbasetoc.sty) (/usr
/local/texlive/2018/texmf-dist/tex/latex/beamer/beamerbasetemplates.sty
\beamer@sbttoks=\toks30

(/usr/local/texlive/2018/texmf-dist/tex/latex/beamer/beamerbaseauxtemplates.sty
(/usr/local/texlive/2018/texmf-dist/tex/latex/beamer/beamerbaseboxes.sty
\bmb@box=\box46
\bmb@colorbox=\box47
\bmb@boxshadow=\box48
\bmb@boxshadowball=\box49
\bmb@boxshadowballlarge=\box50
\bmb@temp=\dimen173
\bmb@dima=\dimen174
\bmb@dimb=\dimen175
\bmb@prevheight=\dimen176
)
\beamer@blockheadheight=\dimen177
))
(/usr/local/texlive/2018/texmf-dist/tex/latex/beamer/beamerbaselocalstructure.s
ty (/usr/local/texlive/2018/texmf-dist/tex/latex/tools/enumerate.sty
Package: enumerate 2015/07/23 v3.00 enumerate extensions (DPC)
\@enLab=\toks31
)
\c@figure=\count140
\c@table=\count141
\abovecaptionskip=\skip49
\belowcaptionskip=\skip50
) (/usr/local/texlive/2018/texmf-dist/tex/latex/beamer/beamerbasenavigation.sty
\beamer@section@min@dim=\dimen178
) (/usr/local/texlive/2018/texmf-dist/tex/latex/beamer/beamerbasetheorems.sty (
/usr/local/texlive/2018/texmf-dist/tex/latex/amsmath/amsmath.sty
Package: amsmath 2017/09/02 v2.17a AMS math features
\@mathmargin=\skip51
For additional information on amsmath, use the `?' option.
(/usr/local/texlive/2018/texmf-dist/tex/latex/amsmath/amstext.sty
Package: amstext 2000/06/29 v2.01 AMS text
(/usr/local/texlive/2018/texmf-dist/tex/latex/amsmath/amsgen.sty
File: amsgen.sty 1999/11/30 v2.0 generic functions
\@emptytoks=\toks32
\ex@=\dimen179
)) (/usr/local/texlive/2018/texmf-dist/tex/latex/amsmath/amsbsy.sty
Package: amsbsy 1999/11/29 v1.2d Bold Symbols
\pmbraise@=\dimen180
) (/usr/local/texlive/2018/texmf-dist/tex/latex/amsmath/amsopn.sty
Package: amsopn 2016/03/08 v2.02 operator names
)
\inf@bad=\count142
LaTeX Info: Redefining \frac on input line 213.
\uproot@=\count143
\leftroot@=\count144
LaTeX Info: Redefining \overline on input line 375.
\classnum@=\count145
\DOTSCASE@=\count146
LaTeX Info: Redefining \ldots on input line 472.
LaTeX Info: Redefining \dots on input line 475.
LaTeX Info: Redefining \cdots on input line 596.
\Mathstrutbox@=\box51
\strutbox@=\box52
\big@size=\dimen181
LaTeX Font Info:    Redeclaring font encoding OML on input line 712.
LaTeX Font Info:    Redeclaring font encoding OMS on input line 713.
\macc@depth=\count147
\c@MaxMatrixCols=\count148
\dotsspace@=\muskip11
\c@parentequation=\count149
\dspbrk@lvl=\count150
\tag@help=\toks33
\row@=\count151
\column@=\count152
\maxfields@=\count153
\andhelp@=\toks34
\eqnshift@=\dimen182
\alignsep@=\dimen183
\tagshift@=\dimen184
\tagwidth@=\dimen185
\totwidth@=\dimen186
\lineht@=\dimen187
\@envbody=\toks35
\multlinegap=\skip52
\multlinetaggap=\skip53
\mathdisplay@stack=\toks36
LaTeX Info: Redefining \[ on input line 2817.
LaTeX Info: Redefining \] on input line 2818.
) (/usr/local/texlive/2018/texmf-dist/tex/latex/amscls/amsthm.sty
Package: amsthm 2017/10/31 v2.20.4
\thm@style=\toks37
\thm@bodyfont=\toks38
\thm@headfont=\toks39
\thm@notefont=\toks40
\thm@headpunct=\toks41
\thm@preskip=\skip54
\thm@postskip=\skip55
\thm@headsep=\skip56
\dth@everypar=\toks42
)
\c@theorem=\count154
) (/usr/local/texlive/2018/texmf-dist/tex/latex/beamer/beamerbasethemes.sty)) (
/usr/local/texlive/2018/texmf-dist/tex/latex/beamer/beamerthemedefault.sty
(/usr/local/texlive/2018/texmf-dist/tex/latex/beamer/beamerfontthemedefault.sty
)
(/usr/local/texlive/2018/texmf-dist/tex/latex/beamer/beamercolorthemedefault.st
y)
(/usr/local/texlive/2018/texmf-dist/tex/latex/beamer/beamerinnerthemedefault.st
y
\beamer@dima=\dimen188
\beamer@dimb=\dimen189
)
(/usr/local/texlive/2018/texmf-dist/tex/latex/beamer/beamerouterthemedefault.st
y))) (/usr/local/texlive/2018/texmf-dist/tex/latex/beamer/beamerthemeboxes.sty
\beamer@boxheadheight=\dimen190
\beamer@boxfootheight=\dimen191
\beamer@headboxes=\count155
\beamer@headboxsizes=\dimen192
\beamer@currentbox=\count156
\beamer@footboxes=\count157
\beamer@footboxsizes=\dimen193
)
(/usr/local/texlive/2018/texmf-dist/tex/latex/beamer/beamercolorthemeseahorse.s
ty) (/usr/local/texlive/2018/texmf-dist/tex/latex/enumitem/enumitem.sty
Package: enumitem 2011/09/28 v3.5.2 Customized lists
\labelindent=\skip57
\enit@outerparindent=\dimen194
\enit@toks=\toks43
\enit@inbox=\box53
\enitdp@description=\count158
) (/usr/local/texlive/2018/texmf-dist/tex/latex/pgf/frontendlayer/tikz.sty (/us
r/local/texlive/2018/texmf-dist/tex/latex/pgf/basiclayer/pgf.sty
Package: pgf 2015/08/07 v3.0.1a (rcs-revision 1.15)

(/usr/local/texlive/2018/texmf-dist/tex/generic/pgf/modules/pgfmoduleshapes.cod
e.tex
File: pgfmoduleshapes.code.tex 2014/03/21  (rcs-revision 1.35)
\pgfnodeparttextbox=\box54
)
(/usr/local/texlive/2018/texmf-dist/tex/generic/pgf/modules/pgfmoduleplot.code.
tex
File: pgfmoduleplot.code.tex 2015/08/03  (rcs-revision 1.13)
)
(/usr/local/texlive/2018/texmf-dist/tex/latex/pgf/compatibility/pgfcomp-version
-0-65.sty
Package: pgfcomp-version-0-65 2007/07/03 v3.0.1a (rcs-revision 1.7)
\pgf@nodesepstart=\dimen195
\pgf@nodesepend=\dimen196
)
(/usr/local/texlive/2018/texmf-dist/tex/latex/pgf/compatibility/pgfcomp-version
-1-18.sty
Package: pgfcomp-version-1-18 2007/07/23 v3.0.1a (rcs-revision 1.1)
)) (/usr/local/texlive/2018/texmf-dist/tex/latex/pgf/utilities/pgffor.sty (/usr
/local/texlive/2018/texmf-dist/tex/latex/pgf/utilities/pgfkeys.sty (/usr/local/
texlive/2018/texmf-dist/tex/generic/pgf/utilities/pgfkeys.code.tex)) (/usr/loca
l/texlive/2018/texmf-dist/tex/latex/pgf/math/pgfmath.sty (/usr/local/texlive/20
18/texmf-dist/tex/generic/pgf/math/pgfmath.code.tex)) (/usr/local/texlive/2018/
texmf-dist/tex/generic/pgf/utilities/pgffor.code.tex
Package: pgffor 2013/12/13 v3.0.1a (rcs-revision 1.25)
(/usr/local/texlive/2018/texmf-dist/tex/generic/pgf/math/pgfmath.code.tex)
\pgffor@iter=\dimen197
\pgffor@skip=\dimen198
\pgffor@stack=\toks44
\pgffor@toks=\toks45
))
(/usr/local/texlive/2018/texmf-dist/tex/generic/pgf/frontendlayer/tikz/tikz.cod
e.tex
Package: tikz 2015/08/07 v3.0.1a (rcs-revision 1.151)

(/usr/local/texlive/2018/texmf-dist/tex/generic/pgf/libraries/pgflibraryplothan
dlers.code.tex
File: pgflibraryplothandlers.code.tex 2013/08/31 v3.0.1a (rcs-revision 1.20)
\pgf@plot@mark@count=\count159
\pgfplotmarksize=\dimen199
)
\tikz@lastx=\dimen256
\tikz@lasty=\dimen257
\tikz@lastxsaved=\dimen258
\tikz@lastysaved=\dimen259
\tikzleveldistance=\dimen260
\tikzsiblingdistance=\dimen261
\tikz@figbox=\box55
\tikz@figbox@bg=\box56
\tikz@tempbox=\box57
\tikz@tempbox@bg=\box58
\tikztreelevel=\count160
\tikznumberofchildren=\count161
\tikznumberofcurrentchild=\count162
\tikz@fig@count=\count163

(/usr/local/texlive/2018/texmf-dist/tex/generic/pgf/modules/pgfmodulematrix.cod
e.tex
File: pgfmodulematrix.code.tex 2013/09/17  (rcs-revision 1.8)
\pgfmatrixcurrentrow=\count164
\pgfmatrixcurrentcolumn=\count165
\pgf@matrix@numberofcolumns=\count166
)
\tikz@expandcount=\count167

(/usr/local/texlive/2018/texmf-dist/tex/generic/pgf/frontendlayer/tikz/librarie
s/tikzlibrarytopaths.code.tex
File: tikzlibrarytopaths.code.tex 2008/06/17 v3.0.1a (rcs-revision 1.2)
))) (/usr/local/texlive/2018/texmf-dist/tex/latex/tkz-graph/tkz-graph.sty
Package: tkz-graph 2011/06/01 ctan v 1.00 base for graphs
(/usr/local/texlive/2018/texmf-dist/tex/latex/etex-pkg/etex.sty
Package: etex 2016/08/01 v2.7 eTeX basic definition package (PEB,DPC)

Package etex Warning: Extended allocation already in use.
(etex)                etex.sty code will not be used.
(etex)                To force etex package to load, add
(etex)                \RequirePackage{etex}
(etex)                at the start of the document.

) (/usr/local/texlive/2018/texmf-dist/tex/latex/base/ifthen.sty
Package: ifthen 2014/09/29 v1.1c Standard LaTeX ifthen package (DPC)
) (/usr/local/texlive/2018/texmf-dist/tex/latex/xkeyval/xkeyval.sty
Package: xkeyval 2014/12/03 v2.7a package option processing (HA)
(/usr/local/texlive/2018/texmf-dist/tex/generic/xkeyval/xkeyval.tex (/usr/local
/texlive/2018/texmf-dist/tex/generic/xkeyval/xkvutils.tex
\XKV@toks=\toks46
\XKV@tempa@toks=\toks47
)
\XKV@depth=\count168
File: xkeyval.tex 2014/12/03 v2.7a key=value parser (HA)
))
(/usr/local/texlive/2018/texmf-dist/tex/generic/pgf/frontendlayer/tikz/librarie
s/tikzlibraryarrows.code.tex
File: tikzlibraryarrows.code.tex 2008/01/09 v3.0.1a (rcs-revision 1.1)

(/usr/local/texlive/2018/texmf-dist/tex/generic/pgf/libraries/pgflibraryarrows.
code.tex
File: pgflibraryarrows.code.tex 2013/09/23 v3.0.1a (rcs-revision 1.16)
\arrowsize=\dimen262
))
\c@tkz@gr@a=\count169
\c@tkz@gr@b=\count170
\c@tkz@gr@c=\count171
\c@tkz@gr@e=\count172
\c@tkz@gr@d=\count173
\c@tkz@gr@p=\count174
\c@tkz@gr@i=\count175
\c@tkz@gr@n=\count176
\c@tkz@gr@ta=\count177
\c@tkz@gr@tb=\count178
) (/usr/local/texlive/2018/texmf-dist/tex/latex/pgfplots/pgfplots.sty (/usr/loc
al/texlive/2018/texmf-dist/tex/generic/pgfplots/pgfplots.revision.tex)
Package: pgfplots 2018/03/28 v1.16 Data Visualization (1.16)
(/usr/local/texlive/2018/texmf-dist/tex/generic/pgfplots/pgfplots.code.tex (/us
r/local/texlive/2018/texmf-dist/tex/generic/pgfplots/pgfplotscore.code.tex
\t@pgfplots@toka=\toks48
\t@pgfplots@tokb=\toks49
\t@pgfplots@tokc=\toks50
\pgfplots@tmpa=\dimen263
\c@pgfplots@coordindex=\count179
\c@pgfplots@scanlineindex=\count180

(/usr/local/texlive/2018/texmf-dist/tex/generic/pgfplots/sys/pgfplotssysgeneric
.code.tex))
(/usr/local/texlive/2018/texmf-dist/tex/generic/pgfplots/libs/pgfplotslibrary.c
ode.tex)
(/usr/local/texlive/2018/texmf-dist/tex/generic/pgfplots/oldpgfcompatib/pgfplot
soldpgfsupp_loader.code.tex
(/usr/local/texlive/2018/texmf-dist/tex/generic/pgf/libraries/pgflibraryfpu.cod
e.tex)
Package pgfplots: loading complementary arithmetics for your pgf version...

(/usr/local/texlive/2018/texmf-dist/tex/generic/pgfplots/oldpgfcompatib/pgfplot
soldpgfsupp_pgflibraryfpu.code.tex)
(/usr/local/texlive/2018/texmf-dist/tex/generic/pgfplots/oldpgfcompatib/pgfplot
soldpgfsupp_pgfmathfloat.code.tex
\c@pgfmathroundto@lastzeros=\count181
)
(/usr/local/texlive/2018/texmf-dist/tex/generic/pgfplots/oldpgfcompatib/pgfplot
soldpgfsupp_leq.code.tex))
(/usr/local/texlive/2018/texmf-dist/tex/generic/pgfplots/util/pgfplotsutil.code
.tex
(/usr/local/texlive/2018/texmf-dist/tex/generic/pgfplots/liststructure/pgfplots
liststructure.code.tex)
(/usr/local/texlive/2018/texmf-dist/tex/generic/pgfplots/liststructure/pgfplots
liststructureext.code.tex)
(/usr/local/texlive/2018/texmf-dist/tex/generic/pgfplots/liststructure/pgfplots
array.code.tex
\c@pgfplotsarray@tmp=\count182
)
(/usr/local/texlive/2018/texmf-dist/tex/generic/pgfplots/liststructure/pgfplots
matrix.code.tex)
(/usr/local/texlive/2018/texmf-dist/tex/generic/pgfplots/numtable/pgfplotstable
shared.code.tex
\c@pgfplotstable@counta=\count183
\t@pgfplotstable@a=\toks51
)
(/usr/local/texlive/2018/texmf-dist/tex/generic/pgfplots/liststructure/pgfplots
deque.code.tex)
(/usr/local/texlive/2018/texmf-dist/tex/generic/pgfplots/util/pgfplotsbinary.co
de.tex
(/usr/local/texlive/2018/texmf-dist/tex/generic/pgfplots/util/pgfplotsbinary.da
ta.code.tex))
(/usr/local/texlive/2018/texmf-dist/tex/generic/pgfplots/util/pgfplotsutil.verb
.code.tex)
(/usr/local/texlive/2018/texmf-dist/tex/generic/pgfplots/libs/pgflibrarypgfplot
s.surfshading.code.tex
\c@pgfplotslibrarysurf@no=\count184

(/usr/local/texlive/2018/texmf-dist/tex/generic/pgfplots/sys/pgflibrarypgfplots
.surfshading.pgfsys-pdftex.def)))
(/usr/local/texlive/2018/texmf-dist/tex/generic/pgfplots/util/pgfplotscolormap.
code.tex
(/usr/local/texlive/2018/texmf-dist/tex/generic/pgfplots/util/pgfplotscolor.cod
e.tex))
(/usr/local/texlive/2018/texmf-dist/tex/generic/pgfplots/pgfplotsstackedplots.c
ode.tex)
(/usr/local/texlive/2018/texmf-dist/tex/generic/pgfplots/pgfplotsplothandlers.c
ode.tex
(/usr/local/texlive/2018/texmf-dist/tex/generic/pgfplots/pgfplotsmeshplothandle
r.code.tex
(/usr/local/texlive/2018/texmf-dist/tex/generic/pgfplots/pgfplotsmeshplotimage.
code.tex)))
(/usr/local/texlive/2018/texmf-dist/tex/generic/pgfplots/pgfplots.scaling.code.
tex)
(/usr/local/texlive/2018/texmf-dist/tex/generic/pgfplots/pgfplotscoordprocessin
g.code.tex)
(/usr/local/texlive/2018/texmf-dist/tex/generic/pgfplots/pgfplots.errorbars.cod
e.tex)
(/usr/local/texlive/2018/texmf-dist/tex/generic/pgfplots/pgfplots.markers.code.
tex)
(/usr/local/texlive/2018/texmf-dist/tex/generic/pgfplots/pgfplotsticks.code.tex
)
(/usr/local/texlive/2018/texmf-dist/tex/generic/pgfplots/pgfplots.paths.code.te
x)
(/usr/local/texlive/2018/texmf-dist/tex/generic/pgf/frontendlayer/tikz/librarie
s/tikzlibrarydecorations.code.tex
(/usr/local/texlive/2018/texmf-dist/tex/generic/pgf/modules/pgfmoduledecoration
s.code.tex
\pgfdecoratedcompleteddistance=\dimen264
\pgfdecoratedremainingdistance=\dimen265
\pgfdecoratedinputsegmentcompleteddistance=\dimen266
\pgfdecoratedinputsegmentremainingdistance=\dimen267
\pgf@decorate@distancetomove=\dimen268
\pgf@decorate@repeatstate=\count185
\pgfdecorationsegmentamplitude=\dimen269
\pgfdecorationsegmentlength=\dimen270
)
\tikz@lib@dec@box=\box59
)
(/usr/local/texlive/2018/texmf-dist/tex/generic/pgf/frontendlayer/tikz/librarie
s/tikzlibrarydecorations.pathmorphing.code.tex
(/usr/local/texlive/2018/texmf-dist/tex/generic/pgf/libraries/decorations/pgfli
brarydecorations.pathmorphing.code.tex))
(/usr/local/texlive/2018/texmf-dist/tex/generic/pgf/frontendlayer/tikz/librarie
s/tikzlibrarydecorations.pathreplacing.code.tex
(/usr/local/texlive/2018/texmf-dist/tex/generic/pgf/libraries/decorations/pgfli
brarydecorations.pathreplacing.code.tex))
\pgfplots@numplots=\count186
\pgfplots@xmin@reg=\dimen271
\pgfplots@xmax@reg=\dimen272
\pgfplots@ymin@reg=\dimen273
\pgfplots@ymax@reg=\dimen274
\pgfplots@zmin@reg=\dimen275
\pgfplots@zmax@reg=\dimen276
)
(/usr/local/texlive/2018/texmf-dist/tex/generic/pgf/frontendlayer/tikz/librarie
s/tikzlibraryplotmarks.code.tex
File: tikzlibraryplotmarks.code.tex 2008/01/09 v3.0.1a (rcs-revision 1.1)

(/usr/local/texlive/2018/texmf-dist/tex/generic/pgf/libraries/pgflibraryplotmar
ks.code.tex
File: pgflibraryplotmarks.code.tex 2015/08/03 v3.0.1a (rcs-revision 1.14)
))) (/usr/local/texlive/2018/texmf-dist/tex/latex/algorithmicx/algorithmicx.sty
Package: algorithmicx 2005/04/27 v1.2 Algorithmicx
Document Style algorithmicx 1.2 - a greatly improved `algorithmic' style
\c@ALG@line=\count187
\c@ALG@rem=\count188
\c@ALG@nested=\count189
\ALG@tlm=\skip58
\ALG@thistlm=\skip59
\c@ALG@Lnr=\count190
\c@ALG@blocknr=\count191
\c@ALG@storecount=\count192
\c@ALG@tmpcounter=\count193
\ALG@tmplength=\skip60
) (/usr/local/texlive/2018/texmf-dist/tex/latex/algorithmicx/algpseudocode.sty
Package: algpseudocode 
Document Style - pseudocode environments for use with the `algorithmicx' style
) (/usr/local/texlive/2018/texmf-dist/tex/latex/forest/forest.sty
Package: forest 2017/07/14 v2.1.5 Drawing (linguistic) trees

(/usr/local/texlive/2018/texmf-dist/tex/generic/pgf/frontendlayer/tikz/librarie
s/tikzlibraryshapes.code.tex
File: tikzlibraryshapes.code.tex 2008/01/09 v3.0.1a (rcs-revision 1.1)

(/usr/local/texlive/2018/texmf-dist/tex/generic/pgf/frontendlayer/tikz/librarie
s/tikzlibraryshapes.geometric.code.tex
File: tikzlibraryshapes.geometric.code.tex 2008/01/09 v3.0.1a (rcs-revision 1.1
)

(/usr/local/texlive/2018/texmf-dist/tex/generic/pgf/libraries/shapes/pgflibrary
shapes.geometric.code.tex
File: pgflibraryshapes.geometric.code.tex 2008/06/26 v3.0.1a (rcs-revision 1.1)

))
(/usr/local/texlive/2018/texmf-dist/tex/generic/pgf/frontendlayer/tikz/librarie
s/tikzlibraryshapes.misc.code.tex
File: tikzlibraryshapes.misc.code.tex 2008/01/09 v3.0.1a (rcs-revision 1.1)

(/usr/local/texlive/2018/texmf-dist/tex/generic/pgf/libraries/shapes/pgflibrary
shapes.misc.code.tex
File: pgflibraryshapes.misc.code.tex 2013/07/18 v3.0.1a (rcs-revision 1.5)
))
(/usr/local/texlive/2018/texmf-dist/tex/generic/pgf/frontendlayer/tikz/librarie
s/tikzlibraryshapes.symbols.code.tex
File: tikzlibraryshapes.symbols.code.tex 2008/01/09 v3.0.1a (rcs-revision 1.1)

(/usr/local/texlive/2018/texmf-dist/tex/generic/pgf/libraries/shapes/pgflibrary
shapes.symbols.code.tex
File: pgflibraryshapes.symbols.code.tex 2013/09/11 v3.0.1a (rcs-revision 1.6)
))
(/usr/local/texlive/2018/texmf-dist/tex/generic/pgf/frontendlayer/tikz/librarie
s/tikzlibraryshapes.arrows.code.tex
File: tikzlibraryshapes.arrows.code.tex 2008/01/09 v3.0.1a (rcs-revision 1.1)

(/usr/local/texlive/2018/texmf-dist/tex/generic/pgf/libraries/shapes/pgflibrary
shapes.arrows.code.tex
File: pgflibraryshapes.arrows.code.tex 2008/06/26 v3.0.1a (rcs-revision 1.1)
))
(/usr/local/texlive/2018/texmf-dist/tex/generic/pgf/frontendlayer/tikz/librarie
s/tikzlibraryshapes.callouts.code.tex
(/usr/local/texlive/2018/texmf-dist/tex/generic/pgf/libraries/shapes/pgflibrary
shapes.callouts.code.tex))
(/usr/local/texlive/2018/texmf-dist/tex/generic/pgf/frontendlayer/tikz/librarie
s/tikzlibraryshapes.multipart.code.tex
File: tikzlibraryshapes.multipart.code.tex 2008/01/09 v3.0.1a (rcs-revision 1.1
)

(/usr/local/texlive/2018/texmf-dist/tex/generic/pgf/libraries/shapes/pgflibrary
shapes.multipart.code.tex
File: pgflibraryshapes.multipart.code.tex 2010/01/07 v3.0.1a (rcs-revision 1.2)

\pgfnodepartlowerbox=\box60
\pgfnodeparttwobox=\box61
\pgfnodepartthreebox=\box62
\pgfnodepartfourbox=\box63
\pgfnodeparttwentybox=\box64
\pgfnodepartnineteenbox=\box65
\pgfnodeparteighteenbox=\box66
\pgfnodepartseventeenbox=\box67
\pgfnodepartsixteenbox=\box68
\pgfnodepartfifteenbox=\box69
\pgfnodepartfourteenbox=\box70
\pgfnodepartthirteenbox=\box71
\pgfnodeparttwelvebox=\box72
\pgfnodepartelevenbox=\box73
\pgfnodeparttenbox=\box74
\pgfnodepartninebox=\box75
\pgfnodeparteightbox=\box76
\pgfnodepartsevenbox=\box77
\pgfnodepartsixbox=\box78
\pgfnodepartfivebox=\box79
)))
(/usr/local/texlive/2018/texmf-dist/tex/generic/pgf/frontendlayer/tikz/librarie
s/tikzlibraryfit.code.tex
File: tikzlibraryfit.code.tex 2013/07/12 v3.0.1a (rcs-revision 1.5)
)
(/usr/local/texlive/2018/texmf-dist/tex/generic/pgf/frontendlayer/tikz/librarie
s/tikzlibrarycalc.code.tex
File: tikzlibrarycalc.code.tex 2013/07/15 v3.0.1a (rcs-revision 1.9)
)
(/usr/local/texlive/2018/texmf-dist/tex/generic/pgf/libraries/pgflibraryinterse
ctions.code.tex
\pgf@intersect@solutions=\count194
) (/usr/local/texlive/2018/texmf-dist/tex/latex/pgfopts/pgfopts.sty
Package: pgfopts 2014/07/10 v2.1a LaTeX package options with pgfkeys
\pgfopts@list@add@a@toks=\toks52
\pgfopts@list@add@b@toks=\toks53
) (/usr/local/texlive/2018/texmf-dist/tex/latex/elocalloc/elocalloc.sty
Package: elocalloc 2016/12/15 v0.03 local allocation for LaTeX 2015+ (DPC)
) (/usr/local/texlive/2018/texmf-dist/tex/latex/environ/environ.sty
Package: environ 2014/05/04 v0.3 A new way to define environments
(/usr/local/texlive/2018/texmf-dist/tex/latex/trimspaces/trimspaces.sty
Package: trimspaces 2009/09/17 v1.1 Trim spaces around a token list
)) (/usr/local/texlive/2018/texmf-dist/tex/latex/l3packages/xparse/xparse.sty (
/usr/local/texlive/2018/texmf-dist/tex/latex/l3kernel/expl3.sty
Package: expl3 2018/03/05 L3 programming layer (loader) 
(/usr/local/texlive/2018/texmf-dist/tex/latex/l3kernel/expl3-code.tex
Package: expl3 2018/03/05 L3 programming layer (code)
\c_max_int=\count195
\l_tmpa_int=\count196
\l_tmpb_int=\count197
\g_tmpa_int=\count198
\g_tmpb_int=\count199
\g__intarray_font_int=\count266
\g__prg_map_int=\count267
\c_log_iow=\count268
\l_iow_line_count_int=\count269
\l__iow_line_target_int=\count270
\l__iow_one_indent_int=\count271
\l__iow_indent_int=\count272
\c_zero_dim=\dimen277
\c_max_dim=\dimen278
\l_tmpa_dim=\dimen279
\l_tmpb_dim=\dimen280
\g_tmpa_dim=\dimen281
\g_tmpb_dim=\dimen282
\c_zero_skip=\skip61
\c_max_skip=\skip62
\l_tmpa_skip=\skip63
\l_tmpb_skip=\skip64
\g_tmpa_skip=\skip65
\g_tmpb_skip=\skip66
\c_zero_muskip=\muskip12
\c_max_muskip=\muskip13
\l_tmpa_muskip=\muskip14
\l_tmpb_muskip=\muskip15
\g_tmpa_muskip=\muskip16
\g_tmpb_muskip=\muskip17
\l_keys_choice_int=\count273
\c__fp_leading_shift_int=\count274
\c__fp_middle_shift_int=\count275
\c__fp_trailing_shift_int=\count276
\c__fp_big_leading_shift_int=\count277
\c__fp_big_middle_shift_int=\count278
\c__fp_big_trailing_shift_int=\count279
\c__fp_Bigg_leading_shift_int=\count280
\c__fp_Bigg_middle_shift_int=\count281
\c__fp_Bigg_trailing_shift_int=\count282
\c__fp_rand_size_int=\count283
\c__fp_rand_four_int=\count284
\c__fp_rand_eight_int=\count285
\l__sort_length_int=\count286
\l__sort_min_int=\count287
\l__sort_top_int=\count288
\l__sort_max_int=\count289
\l__sort_true_max_int=\count290
\l__sort_block_int=\count291
\l__sort_begin_int=\count292
\l__sort_end_int=\count293
\l__sort_A_int=\count294
\l__sort_B_int=\count295
\l__sort_C_int=\count296
\l__tl_build_start_index_int=\count297
\l__tl_build_index_int=\count298
\l__tl_analysis_normal_int=\count299
\l__tl_analysis_index_int=\count300
\l__tl_analysis_nesting_int=\count301
\l__tl_analysis_type_int=\count302
\l__regex_internal_a_int=\count303
\l__regex_internal_b_int=\count304
\l__regex_internal_c_int=\count305
\l__regex_balance_int=\count306
\l__regex_group_level_int=\count307
\l__regex_mode_int=\count308
\c__regex_cs_in_class_mode_int=\count309
\c__regex_cs_mode_int=\count310
\l__regex_catcodes_int=\count311
\l__regex_default_catcodes_int=\count312
\c__regex_catcode_D_int=\count313
\c__regex_catcode_S_int=\count314
\c__regex_catcode_L_int=\count315
\c__regex_catcode_O_int=\count316
\c__regex_catcode_A_int=\count317
\c__regex_all_catcodes_int=\count318
\l__regex_show_lines_int=\count319
\l__regex_min_state_int=\count320
\l__regex_max_state_int=\count321
\l__regex_left_state_int=\count322
\l__regex_right_state_int=\count323
\l__regex_capturing_group_int=\count324
\l__regex_min_pos_int=\count325
\l__regex_max_pos_int=\count326
\l__regex_curr_pos_int=\count327
\l__regex_start_pos_int=\count328
\l__regex_success_pos_int=\count329
\l__regex_curr_char_int=\count330
\l__regex_curr_catcode_int=\count331
\l__regex_last_char_int=\count332
\l__regex_case_changed_char_int=\count333
\l__regex_curr_state_int=\count334
\l__regex_step_int=\count335
\l__regex_min_active_int=\count336
\l__regex_max_active_int=\count337
\l__regex_replacement_csnames_int=\count338
\l__regex_match_count_int=\count339
\l__regex_min_submatch_int=\count340
\l__regex_submatch_int=\count341
\l__regex_zeroth_submatch_int=\count342
\g__regex_trace_regex_int=\count343
\c_empty_box=\box80
\l_tmpa_box=\box81
\l_tmpb_box=\box82
\g_tmpa_box=\box83
\g_tmpb_box=\box84
\l__box_top_dim=\dimen283
\l__box_bottom_dim=\dimen284
\l__box_left_dim=\dimen285
\l__box_right_dim=\dimen286
\l__box_top_new_dim=\dimen287
\l__box_bottom_new_dim=\dimen288
\l__box_left_new_dim=\dimen289
\l__box_right_new_dim=\dimen290
\l__box_internal_box=\box85
\l__coffin_internal_box=\box86
\l__coffin_internal_dim=\dimen291
\l__coffin_offset_x_dim=\dimen292
\l__coffin_offset_y_dim=\dimen293
\l__coffin_x_dim=\dimen294
\l__coffin_y_dim=\dimen295
\l__coffin_x_prime_dim=\dimen296
\l__coffin_y_prime_dim=\dimen297
\c_empty_coffin=\box87
\l__coffin_aligned_coffin=\box88
\l__coffin_aligned_internal_coffin=\box89
\l_tmpa_coffin=\box90
\l_tmpb_coffin=\box91
\l__coffin_display_coffin=\box92
\l__coffin_display_coord_coffin=\box93
\l__coffin_display_pole_coffin=\box94
\l__coffin_display_offset_dim=\dimen298
\l__coffin_display_x_dim=\dimen299
\l__coffin_display_y_dim=\dimen300
\l__coffin_bounding_shift_dim=\dimen301
\l__coffin_left_corner_dim=\dimen302
\l__coffin_right_corner_dim=\dimen303
\l__coffin_bottom_corner_dim=\dimen304
\l__coffin_top_corner_dim=\dimen305
\l__coffin_scaled_total_height_dim=\dimen306
\l__coffin_scaled_width_dim=\dimen307
) (/usr/local/texlive/2018/texmf-dist/tex/latex/l3kernel/l3pdfmode.def
File: l3pdfmode.def 2017/03/18 v L3 Experimental driver: PDF mode
\l__driver_color_stack_int=\count344
))
Package: xparse 2018/02/21 L3 Experimental document command parser
\l__xparse_current_arg_int=\count345
\g__xparse_grabber_int=\count346
\l__xparse_m_args_int=\count347
\l__xparse_mandatory_args_int=\count348
\l__xparse_v_nesting_int=\count349
) (/usr/local/texlive/2018/texmf-dist/tex/latex/inlinedef/inlinedef.sty
Package: inlinedef 2008/07/10 v1.0 Inlined expansions within definitions
\ID@toks=\toks54
\ID@count=\count350
)
\ID@usercommands=\toks55
.................................................
. LaTeX info: "xparse/define-command"
. 
. Defining command \useforestlibrary with sig. 's O{} m' on line 166.
.................................................
.................................................
. LaTeX info: "xparse/define-command"
. 
. Defining command \ProvidesForestLibrary with sig. 'm O{}' on line 176.
.................................................
\safeloop@depth=\count351
\safeRKloop@depth=\count352
\forest@temp@dimen=\dimen308
\forest@temp@count=\count353
\forest@n=\count354
\forest@temp@global@count=\count355
\forest@temp@toks=\toks56
\forest@temparray@M=\count356
\forest@temparray@N=\count357
\forest@global@temparray@M=\count358
\forest@global@temparray@N=\count359
\forest@isnum@count=\count360
\forest@isdim@nonintpart=\count361
\forest@isdim@dimen=\dimen309
\forest@sort@m=\count362
\forest@sort@k=\count363
\forest@sort@p=\count364
\bracket@content=\toks57
\bracket@afterthought=\toks58
\forest@node@maxid=\count365
.................................................
. LaTeX info: "xparse/define-command"
. 
. Defining command \forestdebugtypeouttrees with sig. 'o' on line 2303.
.................................................
.................................................
. LaTeX info: "xparse/define-command"
. 
. Defining command \forestdebugtypeouttree with sig. 'd() O{\forest@cn }' on
. line 2348.
.................................................
\forest@process@left@M=\count366
\forest@process@left@N=\count367
\forest@process@right@M=\count368
\forest@process@right@N=\count369
\forest@process@saved@M=\count370
\forest@process@saved@N=\count371
\forest@process@result@M=\count372
\forest@process@result@N=\count373
\forest@process@n=\count374
\forest@nodewalk@branch@toks=\toks59
\forest@nodewalk@shortsteps@resolution=\toks60
\forest@do@dynamics=\toks61
\forest@box=\box95
\forest@xg=\dimen310
\forest@yg=\dimen311
\forest@xs=\dimen312
\forest@ys=\dimen313
\forest@pi@toks=\toks62
\forest@segment@toks=\toks63
\forest@PIi@toks=\toks64
\forest@PIii@toks=\toks65
\forest@copy@in=\read2
\forest@copy@out=\write5
.................................................
. LaTeX info: "xparse/define-environment"
. 
. Defining environment 'forest' with sig. 'D(){}' on line 8510.
.................................................
.................................................
. LaTeX info: "xparse/define-command"
. 
. Defining command \Forest with sig. 's D(){} m' on line 8515.
.................................................
\forest@externalize@max@outer@n=\count375
\forest@externalize@inner@n=\count376
)
(/usr/local/texlive/2018/texmf-dist/tex/latex/forest/forest-lib-linguistics.sty
Package: forest-lib-linguistics 2017/07/14 v0.1.2
\standardnodestrutbox=\box96
) (./presentation_3.aux)
\openout1 = `presentation_3.aux'.

LaTeX Font Info:    Checking defaults for OML/cmm/m/it on input line 44.
LaTeX Font Info:    ... okay on input line 44.
LaTeX Font Info:    Checking defaults for T1/cmr/m/n on input line 44.
LaTeX Font Info:    ... okay on input line 44.
LaTeX Font Info:    Checking defaults for OT1/cmr/m/n on input line 44.
LaTeX Font Info:    ... okay on input line 44.
LaTeX Font Info:    Checking defaults for OMS/cmsy/m/n on input line 44.
LaTeX Font Info:    ... okay on input line 44.
LaTeX Font Info:    Checking defaults for OMX/cmex/m/n on input line 44.
LaTeX Font Info:    ... okay on input line 44.
LaTeX Font Info:    Checking defaults for U/cmr/m/n on input line 44.
LaTeX Font Info:    ... okay on input line 44.
LaTeX Font Info:    Checking defaults for PD1/pdf/m/n on input line 44.
LaTeX Font Info:    ... okay on input line 44.
*geometry* driver: auto-detecting
*geometry* detected driver: pdftex
*geometry* verbose mode - [ preamble ] result:
* driver: pdftex
* paper: custom
* layout: <same size as paper>
* layoutoffset:(h,v)=(0.0pt,0.0pt)
* modes: includehead includefoot 
* h-part:(L,W,R)=(28.45274pt, 307.28987pt, 28.45274pt)
* v-part:(T,H,B)=(0.0pt, 273.14662pt, 0.0pt)
* \paperwidth=364.19536pt
* \paperheight=273.14662pt
* \textwidth=307.28987pt
* \textheight=244.6939pt
* \oddsidemargin=-43.81725pt
* \evensidemargin=-43.81725pt
* \topmargin=-72.26999pt
* \headheight=14.22636pt
* \headsep=0.0pt
* \topskip=11.0pt
* \footskip=14.22636pt
* \marginparwidth=4.0pt
* \marginparsep=10.0pt
* \columnsep=10.0pt
* \skip\footins=10.0pt plus 4.0pt minus 2.0pt
* \hoffset=0.0pt
* \voffset=0.0pt
* \mag=1000
* \@twocolumnfalse
* \@twosidefalse
* \@mparswitchfalse
* \@reversemarginfalse
* (1in=72.27pt=25.4mm, 1cm=28.453pt)

(/usr/local/texlive/2018/texmf-dist/tex/context/base/mkii/supp-pdf.mkii
[Loading MPS to PDF converter (version 2006.09.02).]
\scratchcounter=\count377
\scratchdimen=\dimen314
\scratchbox=\box97
\nofMPsegments=\count378
\nofMParguments=\count379
\everyMPshowfont=\toks66
\MPscratchCnt=\count380
\MPscratchDim=\dimen315
\MPnumerator=\count381
\makeMPintoPDFobject=\count382
\everyMPtoPDFconversion=\toks67
) (/usr/local/texlive/2018/texmf-dist/tex/latex/oberdiek/epstopdf-base.sty
Package: epstopdf-base 2016/05/15 v2.6 Base part for package epstopdf
(/usr/local/texlive/2018/texmf-dist/tex/latex/oberdiek/grfext.sty
Package: grfext 2016/05/16 v1.2 Manage graphics extensions (HO)
)
Package epstopdf-base Info: Redefining graphics rule for `.eps' on input line 4
38.
Package grfext Info: Graphics extension search list:
(grfext)             [.pdf,.png,.jpg,.mps,.jpeg,.jbig2,.jb2,.PDF,.PNG,.JPG,.JPE
G,.JBIG2,.JB2,.eps]
(grfext)             \AppendGraphicsExtensions on input line 456.
(/usr/local/texlive/2018/texmf-dist/tex/latex/latexconfig/epstopdf-sys.cfg
File: epstopdf-sys.cfg 2010/07/13 v1.3 Configuration of (r)epstopdf for TeX Liv
e
)) ABD: EveryShipout initializing macros
\AtBeginShipoutBox=\box98
Package hyperref Info: Link coloring OFF on input line 44.
(/usr/local/texlive/2018/texmf-dist/tex/latex/hyperref/nameref.sty
Package: nameref 2016/05/21 v2.44 Cross-referencing by name of section
(/usr/local/texlive/2018/texmf-dist/tex/generic/oberdiek/gettitlestring.sty
Package: gettitlestring 2016/05/16 v1.5 Cleanup title references (HO)
)
\c@section@level=\count383
)
LaTeX Info: Redefining \ref on input line 44.
LaTeX Info: Redefining \pageref on input line 44.
LaTeX Info: Redefining \nameref on input line 44.
(./presentation_3.out) (./presentation_3.out)
\@outlinefile=\write6
\openout6 = `presentation_3.out'.

LaTeX Font Info:    Overwriting symbol font `operators' in version `normal'
(Font)                  OT1/cmr/m/n --> OT1/cmss/m/n on input line 44.
LaTeX Font Info:    Overwriting symbol font `operators' in version `bold'
(Font)                  OT1/cmr/bx/n --> OT1/cmss/bx/n on input line 44.
\symnumbers=\mathgroup6
\sympureletters=\mathgroup7
LaTeX Font Info:    Overwriting math alphabet `\mathrm' in version `normal'
(Font)                  OT1/cmss/m/n --> OT1/cmr/m/n on input line 44.
LaTeX Font Info:    Redeclaring math alphabet \mathbf on input line 44.
LaTeX Font Info:    Overwriting math alphabet `\mathbf' in version `normal'
(Font)                  OT1/cmr/bx/n --> OT1/cmss/bx/n on input line 44.
LaTeX Font Info:    Overwriting math alphabet `\mathbf' in version `bold'
(Font)                  OT1/cmr/bx/n --> OT1/cmss/bx/n on input line 44.
LaTeX Font Info:    Redeclaring math alphabet \mathsf on input line 44.
LaTeX Font Info:    Overwriting math alphabet `\mathsf' in version `normal'
(Font)                  OT1/cmss/m/n --> OT1/cmss/m/n on input line 44.
LaTeX Font Info:    Overwriting math alphabet `\mathsf' in version `bold'
(Font)                  OT1/cmss/bx/n --> OT1/cmss/m/n on input line 44.
LaTeX Font Info:    Redeclaring math alphabet \mathit on input line 44.
LaTeX Font Info:    Overwriting math alphabet `\mathit' in version `normal'
(Font)                  OT1/cmr/m/it --> OT1/cmss/m/it on input line 44.
LaTeX Font Info:    Overwriting math alphabet `\mathit' in version `bold'
(Font)                  OT1/cmr/bx/it --> OT1/cmss/m/it on input line 44.
LaTeX Font Info:    Redeclaring math alphabet \mathtt on input line 44.
LaTeX Font Info:    Overwriting math alphabet `\mathtt' in version `normal'
(Font)                  OT1/cmtt/m/n --> OT1/cmtt/m/n on input line 44.
LaTeX Font Info:    Overwriting math alphabet `\mathtt' in version `bold'
(Font)                  OT1/cmtt/m/n --> OT1/cmtt/m/n on input line 44.
LaTeX Font Info:    Overwriting symbol font `numbers' in version `bold'
(Font)                  OT1/cmss/m/n --> OT1/cmss/bx/n on input line 44.
LaTeX Font Info:    Overwriting symbol font `pureletters' in version `bold'
(Font)                  OT1/cmss/m/it --> OT1/cmss/bx/it on input line 44.
LaTeX Font Info:    Overwriting math alphabet `\mathrm' in version `bold'
(Font)                  OT1/cmss/bx/n --> OT1/cmr/bx/n on input line 44.
LaTeX Font Info:    Overwriting math alphabet `\mathbf' in version `bold'
(Font)                  OT1/cmss/bx/n --> OT1/cmss/bx/n on input line 44.
LaTeX Font Info:    Overwriting math alphabet `\mathsf' in version `bold'
(Font)                  OT1/cmss/m/n --> OT1/cmss/bx/n on input line 44.
LaTeX Font Info:    Overwriting math alphabet `\mathit' in version `bold'
(Font)                  OT1/cmss/m/it --> OT1/cmss/bx/it on input line 44.
LaTeX Font Info:    Overwriting math alphabet `\mathtt' in version `bold'
(Font)                  OT1/cmtt/m/n --> OT1/cmtt/bx/n on input line 44.
LaTeX Font Info:    Redeclaring symbol font `pureletters' on input line 44.
LaTeX Font Info:    Overwriting symbol font `pureletters' in version `normal'
(Font)                  OT1/cmss/m/it --> OT1/mathkerncmss/m/sl on input line 4
4.
LaTeX Font Info:    Overwriting symbol font `pureletters' in version `bold'
(Font)                  OT1/cmss/bx/it --> OT1/mathkerncmss/m/sl on input line 
44.
LaTeX Font Info:    Overwriting symbol font `pureletters' in version `bold'
(Font)                  OT1/mathkerncmss/m/sl --> OT1/mathkerncmss/bx/sl on inp
ut line 44.

(/usr/local/texlive/2018/texmf-dist/tex/latex/translator/translator-basic-dicti
onary-English.dict
Dictionary: translator-basic-dictionary, Language: English 
)
(/usr/local/texlive/2018/texmf-dist/tex/latex/translator/translator-bibliograph
y-dictionary-English.dict
Dictionary: translator-bibliography-dictionary, Language: English 
)
(/usr/local/texlive/2018/texmf-dist/tex/latex/translator/translator-environment
-dictionary-English.dict
Dictionary: translator-environment-dictionary, Language: English 
)
(/usr/local/texlive/2018/texmf-dist/tex/latex/translator/translator-months-dict
ionary-English.dict
Dictionary: translator-months-dictionary, Language: English 
)
(/usr/local/texlive/2018/texmf-dist/tex/latex/translator/translator-numbers-dic
tionary-English.dict
Dictionary: translator-numbers-dictionary, Language: English 
)
(/usr/local/texlive/2018/texmf-dist/tex/latex/translator/translator-theorem-dic
tionary-English.dict
Dictionary: translator-theorem-dictionary, Language: English 
)

Package pgfplots Warning: running in backwards compatibility mode (unsuitable t
ick labels; missing features). Consider writing \pgfplotsset{compat=1.16} into 
your preamble.
 on input line 44.

(./presentation_3.nav)

Package hyperref Warning: Option `pdfauthor' has already been used,
(hyperref)                setting the option has no effect on input line 47.

[1{/usr/local/texlive/2018/texmf-var/fonts/map/pdftex/updmap/pdftex.map}

] [2

]
LaTeX Font Info:    Try loading font information for U+msa on input line 73.
(/usr/local/texlive/2018/texmf-dist/tex/latex/amsfonts/umsa.fd
File: umsa.fd 2013/01/14 v3.01 AMS symbols A
)
LaTeX Font Info:    Try loading font information for U+msb on input line 73.
(/usr/local/texlive/2018/texmf-dist/tex/latex/amsfonts/umsb.fd
File: umsb.fd 2013/01/14 v3.01 AMS symbols B
)
LaTeX Font Info:    Try loading font information for OT1+mathkerncmss on input 
line 73.

(/usr/local/texlive/2018/texmf-dist/tex/latex/sansmathaccent/ot1mathkerncmss.fd
File: ot1mathkerncmss.fd 2013/03/27 Fontinst v1.933 font definitions for OT1/ma
thkerncmss.
) [3

] [4

]
Missing character: There is no ; in font nullfont!
[5

] [6

] [7

] [8

] [9

] [10

] [11

] [12

] [13

] [14

] [15

] [16

] [17

]

LaTeX Font Warning: Command \Large invalid in math mode on input line 568.


LaTeX Font Warning: Command \Large invalid in math mode on input line 568.


Overfull \hbox (20.12102pt too wide) detected at line 568
[]
 []

[18

]

LaTeX Font Warning: Command \Large invalid in math mode on input line 568.


LaTeX Font Warning: Command \Large invalid in math mode on input line 568.


Overfull \hbox (20.12102pt too wide) detected at line 568
[]
 []

[19

] [20

] [21

]
Underfull \hbox (badness 10000) in paragraph at lines 657--657

 []

[22

]
Underfull \hbox (badness 10000) in paragraph at lines 657--657

 []

[23

]
Underfull \hbox (badness 10000) in paragraph at lines 657--657

 []

[24

]
Underfull \hbox (badness 10000) in paragraph at lines 657--657

 []

[25

] [26

] [27

] [28

] [29

] [30

] [31

] [32

]

! Package pgfplots Error: Could not read table file '../CSVs/FINAL_0_and_1_rand
om_out.csv' in 'search path=.'. In case you intended to provide inline data: ma
ybe TeX screwed up your end-of-lines? Try `row sep=crcr' and terminate your lin
es with `\\' (refer to the pgfplotstable manual for details).

See the pgfplots package documentation for explanation.
Type  H <return>  for immediate help.
 ...                                              
                                                  
l.733 	\end{frame}
                  
This error message was generated by an \errmessage
command, so I can't give any explicit help.
Pretend that you're Hercule Poirot: Examine all clues,
and deduce the truth by order and method.

PGFPlots: reading {../CSVs/FINAL_0_and_1_random_out.csv}

Package pgfplots Warning: the current plot has no coordinates (or all have been
 filtered away) on input line 733.

 [warning /pgfplots/warning/plot without coordinates]

! Package pgfplots Error: Could not read table file '../CSVs/FINAL_0_and_1_dima
cs_out.csv' in 'search path=.'. In case you intended to provide inline data: ma
ybe TeX screwed up your end-of-lines? Try `row sep=crcr' and terminate your lin
es with `\\' (refer to the pgfplotstable manual for details).

See the pgfplots package documentation for explanation.
Type  H <return>  for immediate help.
 ...                                              
                                                  
l.733 	\end{frame}
                  
(That was another \errmessage.)

PGFPlots: reading {../CSVs/FINAL_0_and_1_dimacs_out.csv}

Package pgfplots Warning: the current plot has no coordinates (or all have been
 filtered away) on input line 733.

 [warning /pgfplots/warning/plot without coordinates]

! Package pgfplots Error: Could not read table file '../CSVs/FINAL_0_and_1_snap
_out.csv' in 'search path=.'. In case you intended to provide inline data: mayb
e TeX screwed up your end-of-lines? Try `row sep=crcr' and terminate your lines
 with `\\' (refer to the pgfplotstable manual for details).

See the pgfplots package documentation for explanation.
Type  H <return>  for immediate help.
 ...                                              
                                                  
l.733 	\end{frame}
                  
(That was another \errmessage.)

PGFPlots: reading {../CSVs/FINAL_0_and_1_snap_out.csv}

Package pgfplots Warning: the current plot has no coordinates (or all have been
 filtered away) on input line 733.

 [warning /pgfplots/warning/plot without coordinates]

Package pgfplots Warning: You have an axis with empty range (in direction y). R
eplacing it with a default range and clearing all plots. on input line 733.

 [warning /pgfplots/warning/empty range cleared axis]

Package pgfplots Warning: Sorry, the colorbar is uninitialised - your axis has 
no color data. Consider using 'point meta=f(x)' or something like that. I am us
ing a color range of [0,1] for the colorbar. on input line 733.

 [warning /pgfplots/warning/colorbar uninitialised]
[33

]

! Package pgfplots Error: Could not read table file '../CSVs/FINALPLUS_0_and_1_
and_2_k_dominate_random_out.csv' in 'search path=.'. In case you intended to pr
ovide inline data: maybe TeX screwed up your end-of-lines? Try `row sep=crcr' a
nd terminate your lines with `\\' (refer to the pgfplotstable manual for detail
s).

See the pgfplots package documentation for explanation.
Type  H <return>  for immediate help.
 ...                                              
                                                  
l.762 \end{frame}
                 
(That was another \errmessage.)

PGFPlots: reading {../CSVs/FINALPLUS_0_and_1_and_2_k_dominate_random_out.csv}

Package pgfplots Warning: the current plot has no coordinates (or all have been
 filtered away) on input line 762.

 [warning /pgfplots/warning/plot without coordinates]

! Package pgfplots Error: Could not read table file '../CSVs/FINALPLUS_0_and_1_
and_2_k_dominate_dimacs_out.csv' in 'search path=.'. In case you intended to pr
ovide inline data: maybe TeX screwed up your end-of-lines? Try `row sep=crcr' a
nd terminate your lines with `\\' (refer to the pgfplotstable manual for detail
s).

See the pgfplots package documentation for explanation.
Type  H <return>  for immediate help.
 ...                                              
                                                  
l.762 \end{frame}
                 
(That was another \errmessage.)

PGFPlots: reading {../CSVs/FINALPLUS_0_and_1_and_2_k_dominate_dimacs_out.csv}

Package pgfplots Warning: the current plot has no coordinates (or all have been
 filtered away) on input line 762.

 [warning /pgfplots/warning/plot without coordinates]

! Package pgfplots Error: Could not read table file '../CSVs/FINALPLUS_0_and_1_
and_2_k_dominate_snap_out.csv' in 'search path=.'. In case you intended to prov
ide inline data: maybe TeX screwed up your end-of-lines? Try `row sep=crcr' and
 terminate your lines with `\\' (refer to the pgfplotstable manual for details)
.

See the pgfplots package documentation for explanation.
Type  H <return>  for immediate help.
 ...                                              
                                                  
l.762 \end{frame}
                 
(That was another \errmessage.)

PGFPlots: reading {../CSVs/FINALPLUS_0_and_1_and_2_k_dominate_snap_out.csv}

Package pgfplots Warning: the current plot has no coordinates (or all have been
 filtered away) on input line 762.

 [warning /pgfplots/warning/plot without coordinates]

Package pgfplots Warning: You have an axis with empty range (in direction y). R
eplacing it with a default range and clearing all plots. on input line 762.

 [warning /pgfplots/warning/empty range cleared axis]

Package pgfplots Warning: Sorry, the colorbar is uninitialised - your axis has 
no color data. Consider using 'point meta=f(x)' or something like that. I am us
ing a color range of [0,1] for the colorbar. on input line 762.

 [warning /pgfplots/warning/colorbar uninitialised]
[34

]

! Package pgfplots Error: Could not read table file '../CSVs/FINALPLUS_0_and_1_
and_2_k_unconfined_random_out.csv' in 'search path=.'. In case you intended to 
provide inline data: maybe TeX screwed up your end-of-lines? Try `row sep=crcr'
 and terminate your lines with `\\' (refer to the pgfplotstable manual for deta
ils).

See the pgfplots package documentation for explanation.
Type  H <return>  for immediate help.
 ...                                              
                                                  
l.791 \end{frame}
                 
(That was another \errmessage.)

PGFPlots: reading {../CSVs/FINALPLUS_0_and_1_and_2_k_unconfined_random_out.csv}


Package pgfplots Warning: the current plot has no coordinates (or all have been
 filtered away) on input line 791.

 [warning /pgfplots/warning/plot without coordinates]

! Package pgfplots Error: Could not read table file '../CSVs/FINALPLUS_0_and_1_
and_2_k_unconfined_dimacs_out.csv' in 'search path=.'. In case you intended to 
provide inline data: maybe TeX screwed up your end-of-lines? Try `row sep=crcr'
 and terminate your lines with `\\' (refer to the pgfplotstable manual for deta
ils).

See the pgfplots package documentation for explanation.
Type  H <return>  for immediate help.
 ...                                              
                                                  
l.791 \end{frame}
                 
(That was another \errmessage.)

PGFPlots: reading {../CSVs/FINALPLUS_0_and_1_and_2_k_unconfined_dimacs_out.csv}


Package pgfplots Warning: the current plot has no coordinates (or all have been
 filtered away) on input line 791.

 [warning /pgfplots/warning/plot without coordinates]

! Package pgfplots Error: Could not read table file '../CSVs/FINALPLUS_0_and_1_
and_2_k_unconfined_snap_out.csv' in 'search path=.'. In case you intended to pr
ovide inline data: maybe TeX screwed up your end-of-lines? Try `row sep=crcr' a
nd terminate your lines with `\\' (refer to the pgfplotstable manual for detail
s).

See the pgfplots package documentation for explanation.
Type  H <return>  for immediate help.
 ...                                              
                                                  
l.791 \end{frame}
                 
(That was another \errmessage.)

PGFPlots: reading {../CSVs/FINALPLUS_0_and_1_and_2_k_unconfined_snap_out.csv}

Package pgfplots Warning: the current plot has no coordinates (or all have been
 filtered away) on input line 791.

 [warning /pgfplots/warning/plot without coordinates]

Package pgfplots Warning: You have an axis with empty range (in direction y). R
eplacing it with a default range and clearing all plots. on input line 791.

 [warning /pgfplots/warning/empty range cleared axis]

Package pgfplots Warning: Sorry, the colorbar is uninitialised - your axis has 
no color data. Consider using 'point meta=f(x)' or something like that. I am us
ing a color range of [0,1] for the colorbar. on input line 791.

 [warning /pgfplots/warning/colorbar uninitialised]
[35

]

! Package pgfplots Error: Could not read table file '../CSVs/FINAL_all_except_c
rown_random_out.csv' in 'search path=.'. In case you intended to provide inline
 data: maybe TeX screwed up your end-of-lines? Try `row sep=crcr' and terminate
 your lines with `\\' (refer to the pgfplotstable manual for details).

See the pgfplots package documentation for explanation.
Type  H <return>  for immediate help.
 ...                                              
                                                  
l.820 \end{frame}
                 
(That was another \errmessage.)

PGFPlots: reading {../CSVs/FINAL_all_except_crown_random_out.csv}

Package pgfplots Warning: the current plot has no coordinates (or all have been
 filtered away) on input line 820.

 [warning /pgfplots/warning/plot without coordinates]

! Package pgfplots Error: Could not read table file '../CSVs/FINAL_all_except_c
rown_dimacs_out.csv' in 'search path=.'. In case you intended to provide inline
 data: maybe TeX screwed up your end-of-lines? Try `row sep=crcr' and terminate
 your lines with `\\' (refer to the pgfplotstable manual for details).

See the pgfplots package documentation for explanation.
Type  H <return>  for immediate help.
 ...                                              
                                                  
l.820 \end{frame}
                 
(That was another \errmessage.)

PGFPlots: reading {../CSVs/FINAL_all_except_crown_dimacs_out.csv}

Package pgfplots Warning: the current plot has no coordinates (or all have been
 filtered away) on input line 820.

 [warning /pgfplots/warning/plot without coordinates]

! Package pgfplots Error: Could not read table file '../CSVs/FINAL_all_except_c
rown_snap_out.csv' in 'search path=.'. In case you intended to provide inline d
ata: maybe TeX screwed up your end-of-lines? Try `row sep=crcr' and terminate y
our lines with `\\' (refer to the pgfplotstable manual for details).

See the pgfplots package documentation for explanation.
Type  H <return>  for immediate help.
 ...                                              
                                                  
l.820 \end{frame}
                 
(That was another \errmessage.)

PGFPlots: reading {../CSVs/FINAL_all_except_crown_snap_out.csv}

Package pgfplots Warning: the current plot has no coordinates (or all have been
 filtered away) on input line 820.

 [warning /pgfplots/warning/plot without coordinates]

Package pgfplots Warning: You have an axis with empty range (in direction y). R
eplacing it with a default range and clearing all plots. on input line 820.

 [warning /pgfplots/warning/empty range cleared axis]

Package pgfplots Warning: Sorry, the colorbar is uninitialised - your axis has 
no color data. Consider using 'point meta=f(x)' or something like that. I am us
ing a color range of [0,1] for the colorbar. on input line 820.

 [warning /pgfplots/warning/colorbar uninitialised]
[36

]

! Package pgfplots Error: Could not read table file '../CSVs/FINAL_all_except_u
nconfined_and_dominate_random_out.csv' in 'search path=.'. In case you intended
 to provide inline data: maybe TeX screwed up your end-of-lines? Try `row sep=c
rcr' and terminate your lines with `\\' (refer to the pgfplotstable manual for 
details).

See the pgfplots package documentation for explanation.
Type  H <return>  for immediate help.
 ...                                              
                                                  
l.849 \end{frame}
                 
(That was another \errmessage.)

PGFPlots: reading {../CSVs/FINAL_all_except_unconfined_and_dominate_random_out.
csv}

Package pgfplots Warning: the current plot has no coordinates (or all have been
 filtered away) on input line 849.

 [warning /pgfplots/warning/plot without coordinates]

! Package pgfplots Error: Could not read table file '../CSVs/FINAL_all_except_u
nconfined_and_dominate_dimacs_out.csv' in 'search path=.'. In case you intended
 to provide inline data: maybe TeX screwed up your end-of-lines? Try `row sep=c
rcr' and terminate your lines with `\\' (refer to the pgfplotstable manual for 
details).

See the pgfplots package documentation for explanation.
Type  H <return>  for immediate help.
 ...                                              
                                                  
l.849 \end{frame}
                 
(That was another \errmessage.)

PGFPlots: reading {../CSVs/FINAL_all_except_unconfined_and_dominate_dimacs_out.
csv}

Package pgfplots Warning: the current plot has no coordinates (or all have been
 filtered away) on input line 849.

 [warning /pgfplots/warning/plot without coordinates]

! Package pgfplots Error: Could not read table file '../CSVs/FINAL_all_except_u
nconfined_and_dominate_snap_out.csv' in 'search path=.'. In case you intended t
o provide inline data: maybe TeX screwed up your end-of-lines? Try `row sep=crc
r' and terminate your lines with `\\' (refer to the pgfplotstable manual for de
tails).

See the pgfplots package documentation for explanation.
Type  H <return>  for immediate help.
 ...                                              
                                                  
l.849 \end{frame}
                 
(That was another \errmessage.)

PGFPlots: reading {../CSVs/FINAL_all_except_unconfined_and_dominate_snap_out.cs
v}

Package pgfplots Warning: the current plot has no coordinates (or all have been
 filtered away) on input line 849.

 [warning /pgfplots/warning/plot without coordinates]

Package pgfplots Warning: You have an axis with empty range (in direction y). R
eplacing it with a default range and clearing all plots. on input line 849.

 [warning /pgfplots/warning/empty range cleared axis]

Package pgfplots Warning: Sorry, the colorbar is uninitialised - your axis has 
no color data. Consider using 'point meta=f(x)' or something like that. I am us
ing a color range of [0,1] for the colorbar. on input line 849.

 [warning /pgfplots/warning/colorbar uninitialised]
[37

]

! Package pgfplots Error: Could not read table file '../CSVs/FINAL_config_examp
le_random_out.csv' in 'search path=.'. In case you intended to provide inline d
ata: maybe TeX screwed up your end-of-lines? Try `row sep=crcr' and terminate y
our lines with `\\' (refer to the pgfplotstable manual for details).

See the pgfplots package documentation for explanation.
Type  H <return>  for immediate help.
 ...                                              
                                                  
l.877 \end{frame}
                 
(That was another \errmessage.)

PGFPlots: reading {../CSVs/FINAL_config_example_random_out.csv}

Package pgfplots Warning: the current plot has no coordinates (or all have been
 filtered away) on input line 877.

 [warning /pgfplots/warning/plot without coordinates]

! Package pgfplots Error: Could not read table file '../CSVs/FINAL_config_examp
le_dimacs_out.csv' in 'search path=.'. In case you intended to provide inline d
ata: maybe TeX screwed up your end-of-lines? Try `row sep=crcr' and terminate y
our lines with `\\' (refer to the pgfplotstable manual for details).

See the pgfplots package documentation for explanation.
Type  H <return>  for immediate help.
 ...                                              
                                                  
l.877 \end{frame}
                 
(That was another \errmessage.)

PGFPlots: reading {../CSVs/FINAL_config_example_dimacs_out.csv}

Package pgfplots Warning: the current plot has no coordinates (or all have been
 filtered away) on input line 877.

 [warning /pgfplots/warning/plot without coordinates]

! Package pgfplots Error: Could not read table file '../CSVs/FINAL_config_examp
le_snap_out.csv' in 'search path=.'. In case you intended to provide inline dat
a: maybe TeX screwed up your end-of-lines? Try `row sep=crcr' and terminate you
r lines with `\\' (refer to the pgfplotstable manual for details).

See the pgfplots package documentation for explanation.
Type  H <return>  for immediate help.
 ...                                              
                                                  
l.877 \end{frame}
                 
(That was another \errmessage.)

PGFPlots: reading {../CSVs/FINAL_config_example_snap_out.csv}

Package pgfplots Warning: the current plot has no coordinates (or all have been
 filtered away) on input line 877.

 [warning /pgfplots/warning/plot without coordinates]

Package pgfplots Warning: You have an axis with empty range (in direction y). R
eplacing it with a default range and clearing all plots. on input line 877.

 [warning /pgfplots/warning/empty range cleared axis]

Package pgfplots Warning: Sorry, the colorbar is uninitialised - your axis has 
no color data. Consider using 'point meta=f(x)' or something like that. I am us
ing a color range of [0,1] for the colorbar. on input line 877.

 [warning /pgfplots/warning/colorbar uninitialised]
[38

]

! Package pgfplots Error: Could not read table file '../CSVs/uncon_domi_snap.cs
v' in 'search path=.'. In case you intended to provide inline data: maybe TeX s
crewed up your end-of-lines? Try `row sep=crcr' and terminate your lines with `
\\' (refer to the pgfplotstable manual for details).

See the pgfplots package documentation for explanation.
Type  H <return>  for immediate help.
 ...                                              
                                                  
l.907 \end{frame}
                 
(That was another \errmessage.)

PGFPlots: reading {../CSVs/uncon_domi_snap.csv}

Package pgfplots Warning: the current plot has no coordinates (or all have been
 filtered away) on input line 907.

 [warning /pgfplots/warning/plot without coordinates]

! Package pgfplots Error: Could not read table file '../CSVs/uncon_domi_dimacs.
csv' in 'search path=.'. In case you intended to provide inline data: maybe TeX
 screwed up your end-of-lines? Try `row sep=crcr' and terminate your lines with
 `\\' (refer to the pgfplotstable manual for details).

See the pgfplots package documentation for explanation.
Type  H <return>  for immediate help.
 ...                                              
                                                  
l.907 \end{frame}
                 
(That was another \errmessage.)

PGFPlots: reading {../CSVs/uncon_domi_dimacs.csv}

Package pgfplots Warning: the current plot has no coordinates (or all have been
 filtered away) on input line 907.

 [warning /pgfplots/warning/plot without coordinates]
[39

]

! Package pgfplots Error: Could not read table file '../CSVs/1_to_all_snap.csv'
 in 'search path=.'. In case you intended to provide inline data: maybe TeX scr
ewed up your end-of-lines? Try `row sep=crcr' and terminate your lines with `\\
' (refer to the pgfplotstable manual for details).

See the pgfplots package documentation for explanation.
Type  H <return>  for immediate help.
 ...                                              
                                                  
l.937 \end{frame}
                 
(That was another \errmessage.)

PGFPlots: reading {../CSVs/1_to_all_snap.csv}

Package pgfplots Warning: the current plot has no coordinates (or all have been
 filtered away) on input line 937.

 [warning /pgfplots/warning/plot without coordinates]

! Package pgfplots Error: Could not read table file '../CSVs/1_to_all_dimacs.cs
v' in 'search path=.'. In case you intended to provide inline data: maybe TeX s
crewed up your end-of-lines? Try `row sep=crcr' and terminate your lines with `
\\' (refer to the pgfplotstable manual for details).

See the pgfplots package documentation for explanation.
Type  H <return>  for immediate help.
 ...                                              
                                                  
l.937 \end{frame}
                 
(That was another \errmessage.)

PGFPlots: reading {../CSVs/1_to_all_dimacs.csv}

Package pgfplots Warning: the current plot has no coordinates (or all have been
 filtered away) on input line 937.

 [warning /pgfplots/warning/plot without coordinates]
[40

] [41

] [42

] [43

]
\tf@nav=\write7
\openout7 = `presentation_3.nav'.

\tf@toc=\write8
\openout8 = `presentation_3.toc'.

\tf@snm=\write9
\openout9 = `presentation_3.snm'.

Package atveryend Info: Empty hook `BeforeClearDocument' on input line 978.
Package atveryend Info: Empty hook `AfterLastShipout' on input line 978.
(./presentation_3.aux)
Package atveryend Info: Executing hook `AtVeryEndDocument' on input line 978.
Package atveryend Info: Executing hook `AtEndAfterFileList' on input line 978.
Package rerunfilecheck Info: File `presentation_3.out' has not changed.
(rerunfilecheck)             Checksum: D41D8CD98F00B204E9800998ECF8427E;0.
 ) 
Here is how much of TeX's memory you used:
 51281 strings out of 492649
 1253362 string characters out of 6129622
 1438429 words of memory out of 5000000
 54328 multiletter control sequences out of 15000+600000
 543748 words of font info for 70 fonts, out of 8000000 for 9000
 1141 hyphenation exceptions out of 8191
 137i,15n,162p,10366b,2433s stack positions out of 5000i,500n,10000p,200000b,80000s
</usr/local/texlive/2018/texmf-dist/fonts/type1/public/amsfonts/cm/cmmi10.pfb
></usr/local/texlive/2018/texmf-dist/fonts/type1/public/amsfonts/cm/cmss10.pfb>
</usr/local/texlive/2018/texmf-dist/fonts/type1/public/amsfonts/cm/cmss12.pfb><
/usr/local/texlive/2018/texmf-dist/fonts/type1/public/amsfonts/cm/cmss17.pfb></
usr/local/texlive/2018/texmf-dist/fonts/type1/public/amsfonts/cm/cmss8.pfb></us
r/local/texlive/2018/texmf-dist/fonts/type1/public/amsfonts/cm/cmssi10.pfb></us
r/local/texlive/2018/texmf-dist/fonts/type1/public/amsfonts/cm/cmssi12.pfb></us
r/local/texlive/2018/texmf-dist/fonts/type1/public/amsfonts/cm/cmsy10.pfb>
Output written on presentation_3.pdf (43 pages, 133192 bytes).
PDF statistics:
 309 PDF objects out of 1000 (max. 8388607)
 241 compressed objects within 3 object streams
 87 named destinations out of 1000 (max. 500000)
 79 words of extra memory for PDF output out of 10000 (max. 10000000)

